18 : 2024-08-21 23:55:07,347 : INFO : telemetry.main : Attempt start. Configuration directory [/root/.azure].
18 : 2024-08-21 23:55:07,347 : DEBUG : telemetry.note : acquiring lock
18 : 2024-08-21 23:55:07,347 : DEBUG : telemetry.note : acquired lock
18 : 2024-08-21 23:55:07,348 : INFO : telemetry.note : Update the note mtime to 2024-08-21 23:55:07.348137
18 : 2024-08-21 23:55:07,348 : WARNING : telemetry.note : Fail to parse or read the timestamp 'N/A' in the note file. Set the last send time to minimal. Reason: not readable
18 : 2024-08-21 23:55:07,349 : INFO : telemetry.records : 1 cache files to move.
18 : 2024-08-21 23:55:07,349 : INFO : telemetry.records : Create temp folder /tmp/tmp5ym4th8s
18 : 2024-08-21 23:55:07,349 : INFO : telemetry.records : Move file /root/.azure/telemetry/cache to /tmp/tmp5ym4th8s/cache
18 : 2024-08-21 23:55:07,355 : INFO : telemetry.records : Processed file /tmp/tmp5ym4th8s/cache into 1 records.
18 : 2024-08-21 23:55:07,355 : INFO : telemetry.records : Remove directory /tmp/tmp5ym4th8s
18 : 2024-08-21 23:55:07,356 : INFO : telemetry.client : Accumulated 1 events. Flush the clients.
18 : 2024-08-21 23:55:07,356 : INFO : telemetry.client : Flush client c4395b75-49cc-422c-bc95-c7d51aef5d46.
18 : 2024-08-21 23:55:07,525 : INFO : telemetry.sender : Sending 3984 bytes
18 : 2024-08-21 23:55:07,526 : INFO : telemetry.sender : Finish uploading in 0.169645 seconds.
18 : 2024-08-21 23:55:07,526 : INFO : telemetry.note : Update the last send in note to 2024-08-21 23:55:07
18 : 2024-08-21 23:55:07,527 : INFO : telemetry.note : Update the note mtime to 2024-08-21 23:55:07.527113
29 : 2024-08-21 23:56:31,450 : INFO : telemetry.main : Attempt start. Configuration directory [/root/.azure].
29 : 2024-08-21 23:56:31,450 : DEBUG : telemetry.note : acquiring lock
29 : 2024-08-21 23:56:31,451 : DEBUG : telemetry.note : acquired lock
29 : 2024-08-21 23:56:31,451 : INFO : telemetry.note : Update the note mtime to 2024-08-21 23:56:31.451361
29 : 2024-08-21 23:56:31,452 : INFO : telemetry.note : Read timestamp from the note. The last send was 2024-08-21 23:55:07.
29 : 2024-08-21 23:56:31,453 : INFO : telemetry.records : 1 cache files to move.
29 : 2024-08-21 23:56:31,453 : INFO : telemetry.records : Create temp folder /tmp/tmp1r5hmas_
29 : 2024-08-21 23:56:31,454 : INFO : telemetry.records : Move file /root/.azure/telemetry/cache to /tmp/tmp1r5hmas_/cache
29 : 2024-08-21 23:56:31,454 : INFO : telemetry.records : Processed file /tmp/tmp1r5hmas_/cache into 1 records.
29 : 2024-08-21 23:56:31,454 : INFO : telemetry.records : Remove directory /tmp/tmp1r5hmas_
29 : 2024-08-21 23:56:31,455 : INFO : telemetry.client : Accumulated 1 events. Flush the clients.
29 : 2024-08-21 23:56:31,455 : INFO : telemetry.client : Flush client c4395b75-49cc-422c-bc95-c7d51aef5d46.
29 : 2024-08-21 23:56:31,768 : INFO : telemetry.sender : Sending 4051 bytes
29 : 2024-08-21 23:56:31,769 : INFO : telemetry.sender : Finish uploading in 0.313247 seconds.
29 : 2024-08-21 23:56:31,770 : INFO : telemetry.note : Update the last send in note to 2024-08-21 23:56:31
29 : 2024-08-21 23:56:31,770 : INFO : telemetry.note : Update the note mtime to 2024-08-21 23:56:31.770765
37 : 2024-08-21 23:56:43,601 : INFO : telemetry.main : Attempt start. Configuration directory [/root/.azure].
37 : 2024-08-21 23:56:43,602 : DEBUG : telemetry.note : acquiring lock
37 : 2024-08-21 23:56:43,602 : DEBUG : telemetry.note : acquired lock
37 : 2024-08-21 23:56:43,602 : INFO : telemetry.note : Update the note mtime to 2024-08-21 23:56:43.602650
37 : 2024-08-21 23:56:43,603 : INFO : telemetry.note : Read timestamp from the note. The last send was 2024-08-21 23:56:31.
37 : 2024-08-21 23:56:43,604 : INFO : telemetry.records : 1 cache files to move.
37 : 2024-08-21 23:56:43,605 : INFO : telemetry.records : Create temp folder /tmp/tmp3fncpdpe
37 : 2024-08-21 23:56:43,606 : INFO : telemetry.records : Move file /root/.azure/telemetry/cache to /tmp/tmp3fncpdpe/cache
37 : 2024-08-21 23:56:43,606 : INFO : telemetry.records : Processed file /tmp/tmp3fncpdpe/cache into 1 records.
37 : 2024-08-21 23:56:43,606 : INFO : telemetry.records : Remove directory /tmp/tmp3fncpdpe
37 : 2024-08-21 23:56:43,607 : INFO : telemetry.client : Accumulated 1 events. Flush the clients.
37 : 2024-08-21 23:56:43,607 : INFO : telemetry.client : Flush client c4395b75-49cc-422c-bc95-c7d51aef5d46.
37 : 2024-08-21 23:56:43,746 : INFO : telemetry.sender : Sending 4121 bytes
37 : 2024-08-21 23:56:43,746 : INFO : telemetry.sender : Finish uploading in 0.139018 seconds.
37 : 2024-08-21 23:56:43,747 : INFO : telemetry.note : Update the last send in note to 2024-08-21 23:56:43
37 : 2024-08-21 23:56:43,747 : INFO : telemetry.note : Update the note mtime to 2024-08-21 23:56:43.747632
47 : 2024-08-21 23:56:52,167 : INFO : telemetry.main : Attempt start. Configuration directory [/root/.azure].
47 : 2024-08-21 23:56:52,168 : DEBUG : telemetry.note : acquiring lock
47 : 2024-08-21 23:56:52,169 : DEBUG : telemetry.note : acquired lock
47 : 2024-08-21 23:56:52,169 : INFO : telemetry.note : Update the note mtime to 2024-08-21 23:56:52.169530
47 : 2024-08-21 23:56:52,170 : INFO : telemetry.note : Read timestamp from the note. The last send was 2024-08-21 23:56:43.
47 : 2024-08-21 23:56:52,171 : INFO : telemetry.records : 1 cache files to move.
47 : 2024-08-21 23:56:52,171 : INFO : telemetry.records : Create temp folder /tmp/tmpw3kugoxm
47 : 2024-08-21 23:56:52,172 : INFO : telemetry.records : Move file /root/.azure/telemetry/cache to /tmp/tmpw3kugoxm/cache
47 : 2024-08-21 23:56:52,173 : INFO : telemetry.records : Processed file /tmp/tmpw3kugoxm/cache into 1 records.
47 : 2024-08-21 23:56:52,173 : INFO : telemetry.records : Remove directory /tmp/tmpw3kugoxm
47 : 2024-08-21 23:56:52,173 : INFO : telemetry.client : Accumulated 1 events. Flush the clients.
47 : 2024-08-21 23:56:52,173 : INFO : telemetry.client : Flush client c4395b75-49cc-422c-bc95-c7d51aef5d46.
47 : 2024-08-21 23:56:52,335 : INFO : telemetry.sender : Sending 4121 bytes
47 : 2024-08-21 23:56:52,335 : INFO : telemetry.sender : Finish uploading in 0.161633 seconds.
47 : 2024-08-21 23:56:52,336 : INFO : telemetry.note : Update the last send in note to 2024-08-21 23:56:52
47 : 2024-08-21 23:56:52,336 : INFO : telemetry.note : Update the note mtime to 2024-08-21 23:56:52.336854
65 : 2024-08-22 00:04:56,926 : INFO : telemetry.main : Attempt start. Configuration directory [/root/.azure].
65 : 2024-08-22 00:04:56,926 : DEBUG : telemetry.note : acquiring lock
65 : 2024-08-22 00:04:56,927 : DEBUG : telemetry.note : acquired lock
65 : 2024-08-22 00:04:56,927 : INFO : telemetry.note : Update the note mtime to 2024-08-22 00:04:56.927443
65 : 2024-08-22 00:04:56,929 : INFO : telemetry.note : Read timestamp from the note. The last send was 2024-08-21 23:56:52.
65 : 2024-08-22 00:04:56,930 : INFO : telemetry.records : 1 cache files to move.
65 : 2024-08-22 00:04:56,930 : INFO : telemetry.records : Create temp folder /tmp/tmp47srg3qz
65 : 2024-08-22 00:04:56,931 : INFO : telemetry.records : Move file /root/.azure/telemetry/cache to /tmp/tmp47srg3qz/cache
65 : 2024-08-22 00:04:56,931 : INFO : telemetry.records : Processed file /tmp/tmp47srg3qz/cache into 1 records.
65 : 2024-08-22 00:04:56,932 : INFO : telemetry.records : Remove directory /tmp/tmp47srg3qz
65 : 2024-08-22 00:04:56,932 : INFO : telemetry.client : Accumulated 1 events. Flush the clients.
65 : 2024-08-22 00:04:56,933 : INFO : telemetry.client : Flush client c4395b75-49cc-422c-bc95-c7d51aef5d46.
65 : 2024-08-22 00:04:57,137 : INFO : telemetry.sender : Sending 4121 bytes
65 : 2024-08-22 00:04:57,138 : INFO : telemetry.sender : Finish uploading in 0.204233 seconds.
65 : 2024-08-22 00:04:57,138 : INFO : telemetry.note : Update the last send in note to 2024-08-22 00:04:56
65 : 2024-08-22 00:04:57,139 : INFO : telemetry.note : Update the note mtime to 2024-08-22 00:04:57.139370
16 : 2024-08-27 18:15:38,862 : INFO : telemetry.main : Attempt start. Configuration directory [/root/.azure].
16 : 2024-08-27 18:15:38,862 : DEBUG : telemetry.note : acquiring lock
16 : 2024-08-27 18:15:38,862 : DEBUG : telemetry.note : acquired lock
16 : 2024-08-27 18:15:38,862 : INFO : telemetry.note : Update the note mtime to 2024-08-27 18:15:38.862926
16 : 2024-08-27 18:15:38,864 : INFO : telemetry.note : Read timestamp from the note. The last send was 2024-08-22 00:04:56.
16 : 2024-08-27 18:15:38,864 : INFO : telemetry.records : 1 cache files to move.
16 : 2024-08-27 18:15:38,864 : INFO : telemetry.records : Create temp folder /tmp/tmps3kodz9z
16 : 2024-08-27 18:15:38,865 : INFO : telemetry.records : Move file /root/.azure/telemetry/cache to /tmp/tmps3kodz9z/cache
16 : 2024-08-27 18:15:38,865 : INFO : telemetry.records : Processed file /tmp/tmps3kodz9z/cache into 1 records.
16 : 2024-08-27 18:15:38,865 : INFO : telemetry.records : Remove directory /tmp/tmps3kodz9z
16 : 2024-08-27 18:15:38,866 : INFO : telemetry.client : Accumulated 1 events. Flush the clients.
16 : 2024-08-27 18:15:38,866 : INFO : telemetry.client : Flush client c4395b75-49cc-422c-bc95-c7d51aef5d46.
16 : 2024-08-27 18:15:39,237 : INFO : telemetry.sender : Sending 3989 bytes
16 : 2024-08-27 18:15:39,240 : INFO : telemetry.sender : Finish uploading in 0.374003 seconds.
16 : 2024-08-27 18:15:39,245 : INFO : telemetry.note : Update the last send in note to 2024-08-27 18:15:38
16 : 2024-08-27 18:15:39,247 : INFO : telemetry.note : Update the note mtime to 2024-08-27 18:15:39.246881
24 : 2024-08-27 18:16:09,038 : INFO : telemetry.main : Attempt start. Configuration directory [/root/.azure].
24 : 2024-08-27 18:16:09,039 : DEBUG : telemetry.note : acquiring lock
24 : 2024-08-27 18:16:09,039 : DEBUG : telemetry.note : acquired lock
24 : 2024-08-27 18:16:09,039 : INFO : telemetry.note : Update the note mtime to 2024-08-27 18:16:09.039627
24 : 2024-08-27 18:16:09,040 : INFO : telemetry.note : Read timestamp from the note. The last send was 2024-08-27 18:15:38.
24 : 2024-08-27 18:16:09,042 : INFO : telemetry.records : 1 cache files to move.
24 : 2024-08-27 18:16:09,042 : INFO : telemetry.records : Create temp folder /tmp/tmps83mdtm4
24 : 2024-08-27 18:16:09,043 : INFO : telemetry.records : Move file /root/.azure/telemetry/cache to /tmp/tmps83mdtm4/cache
24 : 2024-08-27 18:16:09,043 : INFO : telemetry.records : Processed file /tmp/tmps83mdtm4/cache into 1 records.
24 : 2024-08-27 18:16:09,043 : INFO : telemetry.records : Remove directory /tmp/tmps83mdtm4
24 : 2024-08-27 18:16:09,043 : INFO : telemetry.client : Accumulated 1 events. Flush the clients.
24 : 2024-08-27 18:16:09,044 : INFO : telemetry.client : Flush client c4395b75-49cc-422c-bc95-c7d51aef5d46.
24 : 2024-08-27 18:16:09,359 : INFO : telemetry.sender : Sending 4121 bytes
24 : 2024-08-27 18:16:09,361 : INFO : telemetry.sender : Finish uploading in 0.316917 seconds.
24 : 2024-08-27 18:16:09,362 : INFO : telemetry.note : Update the last send in note to 2024-08-27 18:16:08
24 : 2024-08-27 18:16:09,363 : INFO : telemetry.note : Update the note mtime to 2024-08-27 18:16:09.363587
36 : 2024-08-27 18:16:34,698 : INFO : telemetry.main : Attempt start. Configuration directory [/root/.azure].
36 : 2024-08-27 18:16:34,699 : DEBUG : telemetry.note : acquiring lock
36 : 2024-08-27 18:16:34,699 : DEBUG : telemetry.note : acquired lock
36 : 2024-08-27 18:16:34,699 : INFO : telemetry.note : Update the note mtime to 2024-08-27 18:16:34.699528
36 : 2024-08-27 18:16:34,700 : INFO : telemetry.note : Read timestamp from the note. The last send was 2024-08-27 18:16:08.
36 : 2024-08-27 18:16:34,701 : INFO : telemetry.records : 1 cache files to move.
36 : 2024-08-27 18:16:34,701 : INFO : telemetry.records : Create temp folder /tmp/tmpappmguu9
36 : 2024-08-27 18:16:34,701 : INFO : telemetry.records : Move file /root/.azure/telemetry/cache to /tmp/tmpappmguu9/cache
36 : 2024-08-27 18:16:34,702 : INFO : telemetry.records : Processed file /tmp/tmpappmguu9/cache into 1 records.
36 : 2024-08-27 18:16:34,702 : INFO : telemetry.records : Remove directory /tmp/tmpappmguu9
36 : 2024-08-27 18:16:34,702 : INFO : telemetry.client : Accumulated 1 events. Flush the clients.
36 : 2024-08-27 18:16:34,702 : INFO : telemetry.client : Flush client c4395b75-49cc-422c-bc95-c7d51aef5d46.
36 : 2024-08-27 18:16:35,050 : INFO : telemetry.sender : Sending 4121 bytes
36 : 2024-08-27 18:16:35,052 : INFO : telemetry.sender : Finish uploading in 0.349145 seconds.
36 : 2024-08-27 18:16:35,054 : INFO : telemetry.note : Update the last send in note to 2024-08-27 18:16:34
36 : 2024-08-27 18:16:35,055 : INFO : telemetry.note : Update the note mtime to 2024-08-27 18:16:35.055008
